#
# There is insufficient memory for the Java Runtime Environment to continue.
# Native memory allocation (malloc) failed to allocate 993136 bytes for Chunk::new
# Possible reasons:
#   The system is out of physical RAM or swap space
#   The process is running with CompressedOops enabled, and the Java Heap may be blocking the growth of the native heap
# Possible solutions:
#   Reduce memory load on the system
#   Increase physical memory or swap space
#   Check if swap backing store is full
#   Decrease Java heap size (-Xmx/-Xms)
#   Decrease number of Java threads
#   Decrease Java thread stack sizes (-Xss)
#   Set larger code cache with -XX:ReservedCodeCacheSize=
#   JVM is running with Unscaled Compressed Oops mode in which the Java heap is
#     placed in the first 4GB address space. The Java Heap base address is the
#     maximum limit for the native heap growth. Please use -XX:HeapBaseMinAddress
#     to set the Java Heap base and to place the Java Heap above 4GB virtual address.
# This output file may be truncated or incomplete.
#
#  Out of Memory Error (arena.cpp:168), pid=19188, tid=30252
#
# JRE version: Java(TM) SE Runtime Environment (21.0.6+8) (build 21.0.6+8-LTS-188)
# Java VM: Java HotSpot(TM) 64-Bit Server VM (21.0.6+8-LTS-188, mixed mode, sharing, tiered, compressed oops, compressed class ptrs, parallel gc, windows-amd64)
# No core dump will be written. Minidumps are not enabled by default on client versions of Windows
#

---------------  S U M M A R Y ------------

Command Line: --add-modules=ALL-SYSTEM --add-opens=java.base/java.util=ALL-UNNAMED --add-opens=java.base/java.lang=ALL-UNNAMED --add-opens=java.base/sun.nio.fs=ALL-UNNAMED -Declipse.application=org.eclipse.jdt.ls.core.id1 -Dosgi.bundles.defaultStartLevel=4 -Declipse.product=org.eclipse.jdt.ls.core.product -Djava.import.generatesMetadataFilesAtProjectRoot=false -DDetectVMInstallationsJob.disabled=true -Dfile.encoding=utf8 -XX:+UseParallelGC -XX:GCTimeRatio=4 -XX:AdaptiveSizePolicyWeight=90 -Dsun.zip.disableMemoryMapping=true -Xmx1G -Xms100m -Xlog:disable -javaagent:c:\Users\smenr\.vscode\extensions\redhat.java-1.42.0-win32-x64\lombok\lombok-1.18.36.jar -XX:+HeapDumpOnOutOfMemoryError -XX:HeapDumpPath=c:\Users\smenr\AppData\Roaming\Code\User\workspaceStorage\01428f0d16316b218eead7df8d6fb068\redhat.java -Daether.dependencyCollector.impl=bf c:\Users\smenr\.vscode\extensions\redhat.java-1.42.0-win32-x64\server\plugins\org.eclipse.equinox.launcher_1.7.0.v20250424-1814.jar -configuration c:\Users\smenr\AppData\Roaming\Code\User\globalStorage\redhat.java\1.42.0\config_win -data c:\Users\smenr\AppData\Roaming\Code\User\workspaceStorage\01428f0d16316b218eead7df8d6fb068\redhat.java\jdt_ws --pipe=\\.\pipe\lsp-e953ccb9d7d8037199af2d7e8e9e1d5f-sock

Host: Intel(R) Core(TM) i7-2620M CPU @ 2.70GHz, 4 cores, 15G,  Windows 10 , 64 bit Build 19041 (10.0.19041.5794)
Time: Thu May 29 20:49:09 2025 Hora estándar Sudamérica este elapsed time: 80.206910 seconds (0d 0h 1m 20s)

---------------  T H R E A D  ---------------

Current thread (0x000001ff6396f060):  JavaThread "C2 CompilerThread1" daemon [_thread_in_native, id=30252, stack(0x0000002723f00000,0x0000002724000000) (1024K)]


Current CompileTask:
C2:  80207 10409       4       org.eclipse.jdt.internal.compiler.lookup.LookupEnvironment::getTypeFromTypeSignature (770 bytes)

Stack: [0x0000002723f00000,0x0000002724000000]
Native frames: (J=compiled Java code, j=interpreted, Vv=VM code, C=native code)
V  [jvm.dll+0x6ca6d9]
V  [jvm.dll+0x854f51]
V  [jvm.dll+0x85747e]
V  [jvm.dll+0x857b53]
V  [jvm.dll+0x27dcc6]
V  [jvm.dll+0xc4c2d]
V  [jvm.dll+0xc5163]
V  [jvm.dll+0x2f0fbd]
V  [jvm.dll+0x5f546a]
V  [jvm.dll+0x24f8a2]
V  [jvm.dll+0x24fc5f]
V  [jvm.dll+0x248764]
V  [jvm.dll+0x245df4]
V  [jvm.dll+0x1c6d2e]
V  [jvm.dll+0x2554f9]
V  [jvm.dll+0x253a8a]
V  [jvm.dll+0x3ee576]
V  [jvm.dll+0x7ff2fb]
V  [jvm.dll+0x6c8dbd]
C  [ucrtbase.dll+0x21bb2]
C  [KERNEL32.DLL+0x17374]
C  [ntdll.dll+0x4cc91]


---------------  P R O C E S S  ---------------

Threads class SMR info:
_java_thread_list=0x000001ff64391fd0, length=47, elements={
0x000001ff41e98b00, 0x000001ff5d628060, 0x000001ff5d629960, 0x000001ff5d62c270,
0x000001ff5d62d580, 0x000001ff5d632ad0, 0x000001ff5d632440, 0x000001ff5d63e790,
0x000001ff5d643850, 0x000001ff5d631db0, 0x000001ff5d631720, 0x000001ff5d62fce0,
0x000001ff5d633160, 0x000001ff5d630370, 0x000001ff5d630a00, 0x000001ff5d631090,
0x000001ff63fb39a0, 0x000001ff63faddc0, 0x000001ff63fb2c80, 0x000001ff63fb1240,
0x000001ff63fb4030, 0x000001ff63fb46c0, 0x000001ff63fb4d50, 0x000001ff63fb53e0,
0x000001ff63fb18d0, 0x000001ff63fafe90, 0x000001ff63fae450, 0x000001ff63faeae0,
0x000001ff63faf170, 0x000001ff63faf800, 0x000001ff63fb0520, 0x000001ff63fb0bb0,
0x000001ff63fb3310, 0x000001ff63fb1f60, 0x000001ff6651a5c0, 0x000001ff665201a0,
0x000001ff66519f30, 0x000001ff66520830, 0x000001ff6651f480, 0x000001ff6651cd20,
0x000001ff6651c690, 0x000001ff6651c000, 0x000001ff6651d3b0, 0x000001ff6651e0d0,
0x000001ff6651edf0, 0x000001ff713dbc10, 0x000001ff6396f060
}

Java Threads: ( => current thread )
  0x000001ff41e98b00 JavaThread "main"                              [_thread_blocked, id=1112, stack(0x0000002724200000,0x0000002724300000) (1024K)]
  0x000001ff5d628060 JavaThread "Reference Handler"          daemon [_thread_blocked, id=30052, stack(0x0000002724600000,0x0000002724700000) (1024K)]
  0x000001ff5d629960 JavaThread "Finalizer"                  daemon [_thread_blocked, id=25420, stack(0x0000002724700000,0x0000002724800000) (1024K)]
  0x000001ff5d62c270 JavaThread "Signal Dispatcher"          daemon [_thread_blocked, id=28440, stack(0x0000002724800000,0x0000002724900000) (1024K)]
  0x000001ff5d62d580 JavaThread "Attach Listener"            daemon [_thread_blocked, id=26140, stack(0x0000002724900000,0x0000002724a00000) (1024K)]
  0x000001ff5d632ad0 JavaThread "Service Thread"             daemon [_thread_blocked, id=14412, stack(0x0000002724a00000,0x0000002724b00000) (1024K)]
  0x000001ff5d632440 JavaThread "Monitor Deflation Thread"   daemon [_thread_blocked, id=20956, stack(0x0000002724b00000,0x0000002724c00000) (1024K)]
  0x000001ff5d63e790 JavaThread "C2 CompilerThread0"         daemon [_thread_blocked, id=21248, stack(0x0000002724c00000,0x0000002724d00000) (1024K)]
  0x000001ff5d643850 JavaThread "C1 CompilerThread0"         daemon [_thread_blocked, id=23952, stack(0x0000002724d00000,0x0000002724e00000) (1024K)]
  0x000001ff5d631db0 JavaThread "Common-Cleaner"             daemon [_thread_blocked, id=30584, stack(0x0000002724e00000,0x0000002724f00000) (1024K)]
  0x000001ff5d631720 JavaThread "Notification Thread"        daemon [_thread_blocked, id=1368, stack(0x0000002725000000,0x0000002725100000) (1024K)]
  0x000001ff5d62fce0 JavaThread "Active Thread: Equinox Container: b61a842e-1f6b-46ab-b5d6-f01548f20e52"        [_thread_blocked, id=14000, stack(0x0000002725400000,0x0000002725500000) (1024K)]
  0x000001ff5d633160 JavaThread "Refresh Thread: Equinox Container: b61a842e-1f6b-46ab-b5d6-f01548f20e52" daemon [_thread_blocked, id=29984, stack(0x0000002725500000,0x0000002725600000) (1024K)]
  0x000001ff5d630370 JavaThread "Framework Event Dispatcher: Equinox Container: b61a842e-1f6b-46ab-b5d6-f01548f20e52" daemon [_thread_blocked, id=10284, stack(0x0000002725600000,0x0000002725700000) (1024K)]
  0x000001ff5d630a00 JavaThread "Start Level: Equinox Container: b61a842e-1f6b-46ab-b5d6-f01548f20e52" daemon [_thread_blocked, id=25844, stack(0x0000002725700000,0x0000002725800000) (1024K)]
  0x000001ff5d631090 JavaThread "Bundle File Closer"         daemon [_thread_blocked, id=30568, stack(0x0000002725800000,0x0000002725900000) (1024K)]
  0x000001ff63fb39a0 JavaThread "SCR Component Actor"        daemon [_thread_blocked, id=13536, stack(0x0000002725900000,0x0000002725a00000) (1024K)]
  0x000001ff63faddc0 JavaThread "Worker-JM"                         [_thread_blocked, id=13080, stack(0x0000002725a00000,0x0000002725b00000) (1024K)]
  0x000001ff63fb2c80 JavaThread "JNA Cleaner"                daemon [_thread_blocked, id=4388, stack(0x0000002725c00000,0x0000002725d00000) (1024K)]
  0x000001ff63fb1240 JavaThread "Worker-0"                          [_thread_blocked, id=30216, stack(0x0000002725d00000,0x0000002725e00000) (1024K)]
  0x000001ff63fb4030 JavaThread "Worker-1"                          [_thread_blocked, id=26888, stack(0x0000002725e00000,0x0000002725f00000) (1024K)]
  0x000001ff63fb46c0 JavaThread "Worker-2"                          [_thread_blocked, id=16744, stack(0x0000002725f00000,0x0000002726000000) (1024K)]
  0x000001ff63fb4d50 JavaThread "Worker-3"                          [_thread_blocked, id=30440, stack(0x0000002726000000,0x0000002726100000) (1024K)]
  0x000001ff63fb53e0 JavaThread "Java indexing"              daemon [_thread_blocked, id=11728, stack(0x0000002726100000,0x0000002726200000) (1024K)]
  0x000001ff63fb18d0 JavaThread "Worker-4"                          [_thread_blocked, id=18088, stack(0x0000002726200000,0x0000002726300000) (1024K)]
  0x000001ff63fafe90 JavaThread "Worker-5"                          [_thread_blocked, id=22188, stack(0x0000002726300000,0x0000002726400000) (1024K)]
  0x000001ff63fae450 JavaThread "Worker-6"                          [_thread_blocked, id=30932, stack(0x0000002726400000,0x0000002726500000) (1024K)]
  0x000001ff63faeae0 JavaThread "Worker-7"                          [_thread_blocked, id=7928, stack(0x0000002726500000,0x0000002726600000) (1024K)]
  0x000001ff63faf170 JavaThread "Thread-2"                   daemon [_thread_in_native, id=30056, stack(0x0000002724f00000,0x0000002725000000) (1024K)]
  0x000001ff63faf800 JavaThread "Thread-3"                   daemon [_thread_in_native, id=31432, stack(0x0000002726600000,0x0000002726700000) (1024K)]
  0x000001ff63fb0520 JavaThread "Thread-4"                   daemon [_thread_in_native, id=31456, stack(0x0000002726700000,0x0000002726800000) (1024K)]
  0x000001ff63fb0bb0 JavaThread "Thread-5"                   daemon [_thread_in_native, id=16464, stack(0x0000002726800000,0x0000002726900000) (1024K)]
  0x000001ff63fb3310 JavaThread "Thread-6"                   daemon [_thread_in_native, id=23912, stack(0x0000002726900000,0x0000002726a00000) (1024K)]
  0x000001ff63fb1f60 JavaThread "pool-2-thread-1"                   [_thread_blocked, id=29104, stack(0x0000002726a00000,0x0000002726b00000) (1024K)]
  0x000001ff6651a5c0 JavaThread "WorkspaceEventsHandler"            [_thread_blocked, id=12992, stack(0x0000002726b00000,0x0000002726c00000) (1024K)]
  0x000001ff665201a0 JavaThread "pool-1-thread-1"                   [_thread_blocked, id=28448, stack(0x0000002726c00000,0x0000002726d00000) (1024K)]
  0x000001ff66519f30 JavaThread "Compiler Source File Reader" daemon [_thread_blocked, id=15484, stack(0x0000002726d00000,0x0000002726e00000) (1024K)]
  0x000001ff66520830 JavaThread "Compiler Class File Writer" daemon [_thread_blocked, id=20464, stack(0x0000002726f00000,0x0000002727000000) (1024K)]
  0x000001ff6651f480 JavaThread "ForkJoinPool.commonPool-worker-1" daemon [_thread_blocked, id=9500, stack(0x0000002727000000,0x0000002727100000) (1024K)]
  0x000001ff6651cd20 JavaThread "ForkJoinPool.commonPool-worker-2" daemon [_thread_blocked, id=9168, stack(0x0000002727100000,0x0000002727200000) (1024K)]
  0x000001ff6651c690 JavaThread "ForkJoinPool.commonPool-worker-3" daemon [_thread_blocked, id=27104, stack(0x0000002727200000,0x0000002727300000) (1024K)]
  0x000001ff6651c000 JavaThread "Cleaner-0"                  daemon [_thread_blocked, id=6560, stack(0x0000002727500000,0x0000002727600000) (1024K)]
  0x000001ff6651d3b0 JavaThread "Java Debug Server"          daemon [_thread_in_native, id=11236, stack(0x0000002727600000,0x0000002727700000) (1024K)]
  0x000001ff6651e0d0 JavaThread "pool-3-thread-1"                   [_thread_blocked, id=14496, stack(0x0000002727700000,0x0000002727800000) (1024K)]
  0x000001ff6651edf0 JavaThread "RxSchedulerPurge-1"         daemon [_thread_blocked, id=29208, stack(0x0000002727800000,0x0000002727900000) (1024K)]
  0x000001ff713dbc10 JavaThread "RxCachedWorkerPoolEvictor-1" daemon [_thread_blocked, id=13784, stack(0x0000002727900000,0x0000002727a00000) (1024K)]
=>0x000001ff6396f060 JavaThread "C2 CompilerThread1"         daemon [_thread_in_native, id=30252, stack(0x0000002723f00000,0x0000002724000000) (1024K)]
Total: 47

Other Threads:
  0x000001ff4412d8a0 VMThread "VM Thread"                           [id=29744, stack(0x0000002724500000,0x0000002724600000) (1024K)]
  0x000001ff440d94d0 WatcherThread "VM Periodic Task Thread"        [id=23368, stack(0x0000002724400000,0x0000002724500000) (1024K)]
  0x000001ff4408d3b0 WorkerThread "GC Thread#0"                     [id=6948, stack(0x0000002724300000,0x0000002724400000) (1024K)]
  0x000001ff632cf820 WorkerThread "GC Thread#1"                     [id=23700, stack(0x0000002725100000,0x0000002725200000) (1024K)]
  0x000001ff632a9120 WorkerThread "GC Thread#2"                     [id=29456, stack(0x0000002725200000,0x0000002725300000) (1024K)]
  0x000001ff638008b0 WorkerThread "GC Thread#3"                     [id=23564, stack(0x0000002725300000,0x0000002725400000) (1024K)]
Total: 6

Threads with active compile tasks:
C2 CompilerThread1    80265 10409       4       org.eclipse.jdt.internal.compiler.lookup.LookupEnvironment::getTypeFromTypeSignature (770 bytes)
Total: 1

VM state: not at safepoint (normal execution)

VM Mutex/Monitor currently owned by a thread: None

Heap address: 0x00000000c0000000, size: 1024 MB, Compressed Oops mode: 32-bit

CDS archive(s) mapped at: [0x000001ff00000000-0x000001ff00c90000-0x000001ff00c90000), size 13172736, SharedBaseAddress: 0x000001ff00000000, ArchiveRelocationMode: 1.
Compressed class space mapped at: 0x000001ff01000000-0x000001ff41000000, reserved size: 1073741824
Narrow klass base: 0x000001ff00000000, Narrow klass shift: 0, Narrow klass range: 0x100000000

GC Precious Log:
 CardTable entry size: 512
 CPUs: 4 total, 4 available
 Memory: 16334M
 Large Page Support: Disabled
 NUMA Support: Disabled
 Compressed Oops: Enabled (32-bit)
 Alignments: Space 512K, Generation 512K, Heap 2M
 Heap Min Capacity: 100M
 Heap Initial Capacity: 100M
 Heap Max Capacity: 1G
 Pre-touch: Disabled
 Parallel Workers: 4

Heap:
 PSYoungGen      total 46592K, used 10472K [0x00000000eab00000, 0x00000000ee400000, 0x0000000100000000)
  eden space 40448K, 11% used [0x00000000eab00000,0x00000000eafb5cb0,0x00000000ed280000)
  from space 6144K, 91% used [0x00000000ede00000,0x00000000ee384380,0x00000000ee400000)
  to   space 7680K, 0% used [0x00000000ed500000,0x00000000ed500000,0x00000000edc80000)
 ParOldGen       total 347648K, used 332930K [0x00000000c0000000, 0x00000000d5380000, 0x00000000eab00000)
  object space 347648K, 95% used [0x00000000c0000000,0x00000000d4520990,0x00000000d5380000)
 Metaspace       used 68726K, committed 70144K, reserved 1114112K
  class space    used 7128K, committed 7744K, reserved 1048576K

Card table byte_map: [0x000001ff43a20000,0x000001ff43c30000] _byte_map_base: 0x000001ff43420000

Marking Bits: (ParMarkBitMap*) 0x00007ffafe132df0
 Begin Bits: [0x000001ff5b500000, 0x000001ff5c500000)
 End Bits:   [0x000001ff5c500000, 0x000001ff5d500000)

Polling page: 0x000001ff42050000

Metaspace:

Usage:
  Non-class:     60.15 MB used.
      Class:      6.96 MB used.
       Both:     67.12 MB used.

Virtual space:
  Non-class space:       64.00 MB reserved,      60.94 MB ( 95%) committed,  1 nodes.
      Class space:        1.00 GB reserved,       7.56 MB ( <1%) committed,  1 nodes.
             Both:        1.06 GB reserved,      68.50 MB (  6%) committed. 

Chunk freelists:
   Non-Class:  2.43 MB
       Class:  8.28 MB
        Both:  10.71 MB

MaxMetaspaceSize: unlimited
CompressedClassSpaceSize: 1.00 GB
Initial GC threshold: 21.00 MB
Current GC threshold: 96.50 MB
CDS: on
 - commit_granule_bytes: 65536.
 - commit_granule_words: 8192.
 - virtual_space_node_default_size: 8388608.
 - enlarge_chunks_in_place: 1.
 - use_allocation_guard: 0.


Internal statistics:

num_allocs_failed_limit: 6.
num_arena_births: 1096.
num_arena_deaths: 22.
num_vsnodes_births: 2.
num_vsnodes_deaths: 0.
num_space_committed: 1096.
num_space_uncommitted: 0.
num_chunks_returned_to_freelist: 29.
num_chunks_taken_from_freelist: 4208.
num_chunk_merges: 13.
num_chunk_splits: 2654.
num_chunks_enlarged: 1575.
num_inconsistent_stats: 0.

CodeHeap 'non-profiled nmethods': size=120000Kb used=7113Kb max_used=7113Kb free=112886Kb
 bounds [0x000001ff53fd0000, 0x000001ff546d0000, 0x000001ff5b500000]
CodeHeap 'profiled nmethods': size=120000Kb used=19514Kb max_used=19514Kb free=100485Kb
 bounds [0x000001ff4c500000, 0x000001ff4d820000, 0x000001ff53a30000]
CodeHeap 'non-nmethods': size=5760Kb used=1466Kb max_used=1520Kb free=4293Kb
 bounds [0x000001ff53a30000, 0x000001ff53ca0000, 0x000001ff53fd0000]
 total_blobs=9502 nmethods=8712 adapters=695
 compilation: enabled
              stopped_count=0, restarted_count=0
 full_count=0

Compilation events (20 events):
Event: 79.660 Thread 0x000001ff5d643850 nmethod 10410 0x000001ff4d80d690 code [0x000001ff4d80d820, 0x000001ff4d80d948]
Event: 79.694 Thread 0x000001ff5d643850 10413       3       org.eclipse.jdt.internal.compiler.parser.ScannerHelper::toLowerCase (42 bytes)
Event: 79.694 Thread 0x000001ff5d643850 nmethod 10413 0x000001ff4d80da10 code [0x000001ff4d80dc00, 0x000001ff4d80e008]
Event: 79.694 Thread 0x000001ff5d643850 10414       3       org.eclipse.jdt.core.compiler.CharOperation::prefixEquals (89 bytes)
Event: 79.695 Thread 0x000001ff5d643850 nmethod 10414 0x000001ff4d80e190 code [0x000001ff4d80e3a0, 0x000001ff4d80e8b0]
Event: 79.695 Thread 0x000001ff5d643850 10415       3       org.eclipse.jdt.internal.core.index.Index::isMatch (394 bytes)
Event: 79.698 Thread 0x000001ff5d643850 nmethod 10415 0x000001ff4d80ea90 code [0x000001ff4d80ee80, 0x000001ff4d8104a0]
Event: 79.758 Thread 0x000001ff5d63e790 nmethod 10361 0x000001ff546b2010 code [0x000001ff546b2800, 0x000001ff546b92e8]
Event: 79.759 Thread 0x000001ff5d63e790 10417       4       org.eclipse.jdt.core.compiler.CharOperation::prefixEquals (89 bytes)
Event: 79.768 Thread 0x000001ff5d63e790 nmethod 10417 0x000001ff546bd790 code [0x000001ff546bd940, 0x000001ff546bdcf0]
Event: 79.769 Thread 0x000001ff5d63e790 10416       4       org.eclipse.jdt.internal.compiler.parser.ScannerHelper::toLowerCase (42 bytes)
Event: 79.771 Thread 0x000001ff5d63e790 nmethod 10416 0x000001ff546bdf90 code [0x000001ff546be120, 0x000001ff546be278]
Event: 79.772 Thread 0x000001ff5d63e790 10418       4       org.eclipse.jdt.internal.core.index.Index::isMatch (394 bytes)
Event: 79.784 Thread 0x000001ff5d63e790 nmethod 10418 0x000001ff546be390 code [0x000001ff546be560, 0x000001ff546be9c0]
Event: 79.784 Thread 0x000001ff5d63e790 10403       4       org.eclipse.jdt.internal.compiler.lookup.PackageBinding::clearMissingTagBit (24 bytes)
Event: 79.786 Thread 0x000001ff5d63e790 nmethod 10403 0x000001ff546bed10 code [0x000001ff546beea0, 0x000001ff546bef60]
Event: 79.786 Thread 0x000001ff5d63e790 10395       4       org.eclipse.core.runtime.Path::toOSString (224 bytes)
Event: 79.828 Thread 0x000001ff5d63e790 nmethod 10395 0x000001ff546bf010 code [0x000001ff546bf260, 0x000001ff546c0278]
Event: 79.828 Thread 0x000001ff5d63e790 10394   !   4       java.io.WinNTFileSystem::resolve (362 bytes)
Event: 79.863 Thread 0x000001ff5d63e790 nmethod 10394 0x000001ff546c0d10 code [0x000001ff546c0fa0, 0x000001ff546c1e20]

GC Heap History (20 events):
Event: 31.613 GC heap before
{Heap before GC invocations=187 (full 10):
 PSYoungGen      total 49152K, used 13304K [0x00000000eab00000, 0x00000000f0700000, 0x0000000100000000)
  eden space 35840K, 0% used [0x00000000eab00000,0x00000000eab00000,0x00000000ece00000)
  from space 13312K, 99% used [0x00000000ece00000,0x00000000edafe050,0x00000000edb00000)
  to   space 27648K, 0% used [0x00000000eec00000,0x00000000eec00000,0x00000000f0700000)
 ParOldGen       total 280576K, used 275030K [0x00000000c0000000, 0x00000000d1200000, 0x00000000eab00000)
  object space 280576K, 98% used [0x00000000c0000000,0x00000000d0c95a48,0x00000000d1200000)
 Metaspace       used 58068K, committed 59328K, reserved 1114112K
  class space    used 6037K, committed 6592K, reserved 1048576K
}
Event: 32.164 GC heap after
{Heap after GC invocations=187 (full 10):
 PSYoungGen      total 49152K, used 4988K [0x00000000eab00000, 0x00000000f0680000, 0x0000000100000000)
  eden space 35840K, 0% used [0x00000000eab00000,0x00000000eab00000,0x00000000ece00000)
  from space 13312K, 37% used [0x00000000ece00000,0x00000000ed2df2e8,0x00000000edb00000)
  to   space 27648K, 0% used [0x00000000eeb80000,0x00000000eeb80000,0x00000000f0680000)
 ParOldGen       total 347648K, used 280360K [0x00000000c0000000, 0x00000000d5380000, 0x00000000eab00000)
  object space 347648K, 80% used [0x00000000c0000000,0x00000000d11ca3c0,0x00000000d5380000)
 Metaspace       used 58068K, committed 59328K, reserved 1114112K
  class space    used 6037K, committed 6592K, reserved 1048576K
}
Event: 32.851 GC heap before
{Heap before GC invocations=188 (full 10):
 PSYoungGen      total 49152K, used 40828K [0x00000000eab00000, 0x00000000f0680000, 0x0000000100000000)
  eden space 35840K, 100% used [0x00000000eab00000,0x00000000ece00000,0x00000000ece00000)
  from space 13312K, 37% used [0x00000000ece00000,0x00000000ed2df2e8,0x00000000edb00000)
  to   space 27648K, 0% used [0x00000000eeb80000,0x00000000eeb80000,0x00000000f0680000)
 ParOldGen       total 347648K, used 280360K [0x00000000c0000000, 0x00000000d5380000, 0x00000000eab00000)
  object space 347648K, 80% used [0x00000000c0000000,0x00000000d11ca3c0,0x00000000d5380000)
 Metaspace       used 58322K, committed 59584K, reserved 1114112K
  class space    used 6046K, committed 6592K, reserved 1048576K
}
Event: 32.914 GC heap after
{Heap after GC invocations=188 (full 10):
 PSYoungGen      total 54272K, used 15785K [0x00000000eab00000, 0x00000000efb00000, 0x0000000100000000)
  eden space 38400K, 0% used [0x00000000eab00000,0x00000000eab00000,0x00000000ed080000)
  from space 15872K, 99% used [0x00000000eeb80000,0x00000000efaea408,0x00000000efb00000)
  to   space 19456K, 0% used [0x00000000ed500000,0x00000000ed500000,0x00000000ee800000)
 ParOldGen       total 347648K, used 285406K [0x00000000c0000000, 0x00000000d5380000, 0x00000000eab00000)
  object space 347648K, 82% used [0x00000000c0000000,0x00000000d16b7ad0,0x00000000d5380000)
 Metaspace       used 58322K, committed 59584K, reserved 1114112K
  class space    used 6046K, committed 6592K, reserved 1048576K
}
Event: 33.800 GC heap before
{Heap before GC invocations=189 (full 10):
 PSYoungGen      total 54272K, used 54185K [0x00000000eab00000, 0x00000000efb00000, 0x0000000100000000)
  eden space 38400K, 100% used [0x00000000eab00000,0x00000000ed080000,0x00000000ed080000)
  from space 15872K, 99% used [0x00000000eeb80000,0x00000000efaea408,0x00000000efb00000)
  to   space 19456K, 0% used [0x00000000ed500000,0x00000000ed500000,0x00000000ee800000)
 ParOldGen       total 347648K, used 285406K [0x00000000c0000000, 0x00000000d5380000, 0x00000000eab00000)
  object space 347648K, 82% used [0x00000000c0000000,0x00000000d16b7ad0,0x00000000d5380000)
 Metaspace       used 58322K, committed 59584K, reserved 1114112K
  class space    used 6046K, committed 6592K, reserved 1048576K
}
Event: 33.848 GC heap after
{Heap after GC invocations=189 (full 10):
 PSYoungGen      total 57856K, used 19426K [0x00000000eab00000, 0x00000000efb00000, 0x0000000100000000)
  eden space 38400K, 0% used [0x00000000eab00000,0x00000000eab00000,0x00000000ed080000)
  from space 19456K, 99% used [0x00000000ed500000,0x00000000ee7f8bf0,0x00000000ee800000)
  to   space 15872K, 0% used [0x00000000eeb80000,0x00000000eeb80000,0x00000000efb00000)
 ParOldGen       total 347648K, used 307673K [0x00000000c0000000, 0x00000000d5380000, 0x00000000eab00000)
  object space 347648K, 88% used [0x00000000c0000000,0x00000000d2c76470,0x00000000d5380000)
 Metaspace       used 58322K, committed 59584K, reserved 1114112K
  class space    used 6046K, committed 6592K, reserved 1048576K
}
Event: 35.007 GC heap before
{Heap before GC invocations=190 (full 10):
 PSYoungGen      total 57856K, used 57826K [0x00000000eab00000, 0x00000000efb00000, 0x0000000100000000)
  eden space 38400K, 100% used [0x00000000eab00000,0x00000000ed080000,0x00000000ed080000)
  from space 19456K, 99% used [0x00000000ed500000,0x00000000ee7f8bf0,0x00000000ee800000)
  to   space 15872K, 0% used [0x00000000eeb80000,0x00000000eeb80000,0x00000000efb00000)
 ParOldGen       total 347648K, used 307673K [0x00000000c0000000, 0x00000000d5380000, 0x00000000eab00000)
  object space 347648K, 88% used [0x00000000c0000000,0x00000000d2c76470,0x00000000d5380000)
 Metaspace       used 58383K, committed 59584K, reserved 1114112K
  class space    used 6048K, committed 6592K, reserved 1048576K
}
Event: 35.030 GC heap after
{Heap after GC invocations=190 (full 10):
 PSYoungGen      total 51712K, used 15845K [0x00000000eab00000, 0x00000000f0d80000, 0x0000000100000000)
  eden space 35840K, 0% used [0x00000000eab00000,0x00000000eab00000,0x00000000ece00000)
  from space 15872K, 99% used [0x00000000eeb80000,0x00000000efaf95d8,0x00000000efb00000)
  to   space 30208K, 0% used [0x00000000ece00000,0x00000000ece00000,0x00000000eeb80000)
 ParOldGen       total 347648K, used 315016K [0x00000000c0000000, 0x00000000d5380000, 0x00000000eab00000)
  object space 347648K, 90% used [0x00000000c0000000,0x00000000d33a2170,0x00000000d5380000)
 Metaspace       used 58383K, committed 59584K, reserved 1114112K
  class space    used 6048K, committed 6592K, reserved 1048576K
}
Event: 36.546 GC heap before
{Heap before GC invocations=191 (full 10):
 PSYoungGen      total 51712K, used 51669K [0x00000000eab00000, 0x00000000f0d80000, 0x0000000100000000)
  eden space 35840K, 99% used [0x00000000eab00000,0x00000000ecdfbe90,0x00000000ece00000)
  from space 15872K, 99% used [0x00000000eeb80000,0x00000000efaf95d8,0x00000000efb00000)
  to   space 30208K, 0% used [0x00000000ece00000,0x00000000ece00000,0x00000000eeb80000)
 ParOldGen       total 347648K, used 315016K [0x00000000c0000000, 0x00000000d5380000, 0x00000000eab00000)
  object space 347648K, 90% used [0x00000000c0000000,0x00000000d33a2170,0x00000000d5380000)
 Metaspace       used 60683K, committed 61952K, reserved 1114112K
  class space    used 6250K, committed 6784K, reserved 1048576K
}
Event: 36.576 GC heap after
{Heap after GC invocations=191 (full 10):
 PSYoungGen      total 40960K, used 5087K [0x00000000eab00000, 0x00000000eec00000, 0x0000000100000000)
  eden space 35840K, 0% used [0x00000000eab00000,0x00000000eab00000,0x00000000ece00000)
  from space 5120K, 99% used [0x00000000ece00000,0x00000000ed2f7ed8,0x00000000ed300000)
  to   space 13312K, 0% used [0x00000000edf00000,0x00000000edf00000,0x00000000eec00000)
 ParOldGen       total 347648K, used 324651K [0x00000000c0000000, 0x00000000d5380000, 0x00000000eab00000)
  object space 347648K, 93% used [0x00000000c0000000,0x00000000d3d0afd0,0x00000000d5380000)
 Metaspace       used 60683K, committed 61952K, reserved 1114112K
  class space    used 6250K, committed 6784K, reserved 1048576K
}
Event: 37.468 GC heap before
{Heap before GC invocations=192 (full 10):
 PSYoungGen      total 40960K, used 40927K [0x00000000eab00000, 0x00000000eec00000, 0x0000000100000000)
  eden space 35840K, 100% used [0x00000000eab00000,0x00000000ece00000,0x00000000ece00000)
  from space 5120K, 99% used [0x00000000ece00000,0x00000000ed2f7ed8,0x00000000ed300000)
  to   space 13312K, 0% used [0x00000000edf00000,0x00000000edf00000,0x00000000eec00000)
 ParOldGen       total 347648K, used 324651K [0x00000000c0000000, 0x00000000d5380000, 0x00000000eab00000)
  object space 347648K, 93% used [0x00000000c0000000,0x00000000d3d0afd0,0x00000000d5380000)
 Metaspace       used 61649K, committed 63040K, reserved 1114112K
  class space    used 6338K, committed 6912K, reserved 1048576K
}
Event: 37.478 GC heap after
{Heap after GC invocations=192 (full 10):
 PSYoungGen      total 47104K, used 9494K [0x00000000eab00000, 0x00000000ee880000, 0x0000000100000000)
  eden space 37376K, 0% used [0x00000000eab00000,0x00000000eab00000,0x00000000ecf80000)
  from space 9728K, 97% used [0x00000000edf00000,0x00000000ee845840,0x00000000ee880000)
  to   space 10752K, 0% used [0x00000000ed380000,0x00000000ed380000,0x00000000ede00000)
 ParOldGen       total 347648K, used 324659K [0x00000000c0000000, 0x00000000d5380000, 0x00000000eab00000)
  object space 347648K, 93% used [0x00000000c0000000,0x00000000d3d0cfd0,0x00000000d5380000)
 Metaspace       used 61649K, committed 63040K, reserved 1114112K
  class space    used 6338K, committed 6912K, reserved 1048576K
}
Event: 38.885 GC heap before
{Heap before GC invocations=193 (full 10):
 PSYoungGen      total 47104K, used 46807K [0x00000000eab00000, 0x00000000ee880000, 0x0000000100000000)
  eden space 37376K, 99% used [0x00000000eab00000,0x00000000ecf70758,0x00000000ecf80000)
  from space 9728K, 97% used [0x00000000edf00000,0x00000000ee845840,0x00000000ee880000)
  to   space 10752K, 0% used [0x00000000ed380000,0x00000000ed380000,0x00000000ede00000)
 ParOldGen       total 347648K, used 324659K [0x00000000c0000000, 0x00000000d5380000, 0x00000000eab00000)
  object space 347648K, 93% used [0x00000000c0000000,0x00000000d3d0cfd0,0x00000000d5380000)
 Metaspace       used 62110K, committed 63424K, reserved 1114112K
  class space    used 6365K, committed 6912K, reserved 1048576K
}
Event: 38.903 GC heap after
{Heap after GC invocations=193 (full 10):
 PSYoungGen      total 49664K, used 10614K [0x00000000eab00000, 0x00000000ee700000, 0x0000000100000000)
  eden space 38912K, 0% used [0x00000000eab00000,0x00000000eab00000,0x00000000ed100000)
  from space 10752K, 98% used [0x00000000ed380000,0x00000000edddda00,0x00000000ede00000)
  to   space 9216K, 0% used [0x00000000ede00000,0x00000000ede00000,0x00000000ee700000)
 ParOldGen       total 347648K, used 324667K [0x00000000c0000000, 0x00000000d5380000, 0x00000000eab00000)
  object space 347648K, 93% used [0x00000000c0000000,0x00000000d3d0efd0,0x00000000d5380000)
 Metaspace       used 62110K, committed 63424K, reserved 1114112K
  class space    used 6365K, committed 6912K, reserved 1048576K
}
Event: 39.869 GC heap before
{Heap before GC invocations=194 (full 10):
 PSYoungGen      total 49664K, used 49526K [0x00000000eab00000, 0x00000000ee700000, 0x0000000100000000)
  eden space 38912K, 100% used [0x00000000eab00000,0x00000000ed100000,0x00000000ed100000)
  from space 10752K, 98% used [0x00000000ed380000,0x00000000edddda00,0x00000000ede00000)
  to   space 9216K, 0% used [0x00000000ede00000,0x00000000ede00000,0x00000000ee700000)
 ParOldGen       total 347648K, used 324667K [0x00000000c0000000, 0x00000000d5380000, 0x00000000eab00000)
  object space 347648K, 93% used [0x00000000c0000000,0x00000000d3d0efd0,0x00000000d5380000)
 Metaspace       used 62762K, committed 64064K, reserved 1114112K
  class space    used 6425K, committed 6976K, reserved 1048576K
}
Event: 39.877 GC heap after
{Heap after GC invocations=194 (full 10):
 PSYoungGen      total 48640K, used 8686K [0x00000000eab00000, 0x00000000ee680000, 0x0000000100000000)
  eden space 39936K, 0% used [0x00000000eab00000,0x00000000eab00000,0x00000000ed200000)
  from space 8704K, 99% used [0x00000000ede00000,0x00000000ee67bb58,0x00000000ee680000)
  to   space 9728K, 0% used [0x00000000ed380000,0x00000000ed380000,0x00000000edd00000)
 ParOldGen       total 347648K, used 324675K [0x00000000c0000000, 0x00000000d5380000, 0x00000000eab00000)
  object space 347648K, 93% used [0x00000000c0000000,0x00000000d3d10fd0,0x00000000d5380000)
 Metaspace       used 62762K, committed 64064K, reserved 1114112K
  class space    used 6425K, committed 6976K, reserved 1048576K
}
Event: 51.478 GC heap before
{Heap before GC invocations=195 (full 10):
 PSYoungGen      total 48640K, used 48622K [0x00000000eab00000, 0x00000000ee680000, 0x0000000100000000)
  eden space 39936K, 100% used [0x00000000eab00000,0x00000000ed200000,0x00000000ed200000)
  from space 8704K, 99% used [0x00000000ede00000,0x00000000ee67bb58,0x00000000ee680000)
  to   space 9728K, 0% used [0x00000000ed380000,0x00000000ed380000,0x00000000edd00000)
 ParOldGen       total 347648K, used 324675K [0x00000000c0000000, 0x00000000d5380000, 0x00000000eab00000)
  object space 347648K, 93% used [0x00000000c0000000,0x00000000d3d10fd0,0x00000000d5380000)
 Metaspace       used 66692K, committed 68096K, reserved 1114112K
  class space    used 6810K, committed 7424K, reserved 1048576K
}
Event: 51.487 GC heap after
{Heap after GC invocations=195 (full 10):
 PSYoungGen      total 50688K, used 9727K [0x00000000eab00000, 0x00000000ee900000, 0x0000000100000000)
  eden space 40960K, 0% used [0x00000000eab00000,0x00000000eab00000,0x00000000ed300000)
  from space 9728K, 99% used [0x00000000ed380000,0x00000000edcffd70,0x00000000edd00000)
  to   space 11264K, 0% used [0x00000000ede00000,0x00000000ede00000,0x00000000ee900000)
 ParOldGen       total 347648K, used 325475K [0x00000000c0000000, 0x00000000d5380000, 0x00000000eab00000)
  object space 347648K, 93% used [0x00000000c0000000,0x00000000d3dd8fd0,0x00000000d5380000)
 Metaspace       used 66692K, committed 68096K, reserved 1114112K
  class space    used 6810K, committed 7424K, reserved 1048576K
}
Event: 79.664 GC heap before
{Heap before GC invocations=196 (full 10):
 PSYoungGen      total 50688K, used 50687K [0x00000000eab00000, 0x00000000ee900000, 0x0000000100000000)
  eden space 40960K, 100% used [0x00000000eab00000,0x00000000ed300000,0x00000000ed300000)
  from space 9728K, 99% used [0x00000000ed380000,0x00000000edcffd70,0x00000000edd00000)
  to   space 11264K, 0% used [0x00000000ede00000,0x00000000ede00000,0x00000000ee900000)
 ParOldGen       total 347648K, used 325475K [0x00000000c0000000, 0x00000000d5380000, 0x00000000eab00000)
  object space 347648K, 93% used [0x00000000c0000000,0x00000000d3dd8fd0,0x00000000d5380000)
 Metaspace       used 68726K, committed 70144K, reserved 1114112K
  class space    used 7128K, committed 7744K, reserved 1048576K
}
Event: 79.679 GC heap after
{Heap after GC invocations=196 (full 10):
 PSYoungGen      total 46592K, used 5648K [0x00000000eab00000, 0x00000000ee400000, 0x0000000100000000)
  eden space 40448K, 0% used [0x00000000eab00000,0x00000000eab00000,0x00000000ed280000)
  from space 6144K, 91% used [0x00000000ede00000,0x00000000ee384380,0x00000000ee400000)
  to   space 7680K, 0% used [0x00000000ed500000,0x00000000ed500000,0x00000000edc80000)
 ParOldGen       total 347648K, used 332930K [0x00000000c0000000, 0x00000000d5380000, 0x00000000eab00000)
  object space 347648K, 95% used [0x00000000c0000000,0x00000000d4520990,0x00000000d5380000)
 Metaspace       used 68726K, committed 70144K, reserved 1114112K
  class space    used 7128K, committed 7744K, reserved 1048576K
}

Dll operation events (12 events):
Event: 0.017 Loaded shared library C:\Program Files\Java\jdk-21\bin\java.dll
Event: 0.081 Loaded shared library C:\Program Files\Java\jdk-21\bin\jsvml.dll
Event: 0.185 Loaded shared library C:\Program Files\Java\jdk-21\bin\zip.dll
Event: 0.191 Loaded shared library C:\Program Files\Java\jdk-21\bin\instrument.dll
Event: 0.199 Loaded shared library C:\Program Files\Java\jdk-21\bin\net.dll
Event: 0.202 Loaded shared library C:\Program Files\Java\jdk-21\bin\nio.dll
Event: 0.211 Loaded shared library C:\Program Files\Java\jdk-21\bin\zip.dll
Event: 0.245 Loaded shared library C:\Program Files\Java\jdk-21\bin\jimage.dll
Event: 0.373 Loaded shared library C:\Program Files\Java\jdk-21\bin\verify.dll
Event: 2.317 Loaded shared library C:\Users\smenr\AppData\Roaming\Code\User\globalStorage\redhat.java\1.42.0\config_win\org.eclipse.equinox.launcher\org.eclipse.equinox.launcher.win32.win32.x86_64_1.2.1300.v20250331-1702\eclipse_11911.dll
Event: 4.911 Loaded shared library C:\Users\smenr\AppData\Local\Temp\jna-109552719\jna13208534530606616851.dll
Event: 51.376 Loaded shared library C:\Program Files\Java\jdk-21\bin\extnet.dll

Deoptimization events (20 events):
Event: 79.335 Thread 0x000001ff6651cd20 Uncommon trap: trap_request=0xffffffbe fr.pc=0x000001ff545da4d4 relative=0x0000000000000254
Event: 79.335 Thread 0x000001ff6651cd20 Uncommon trap: reason=profile_predicate action=maybe_recompile pc=0x000001ff545da4d4 method=java.util.TimSort.binarySort([Ljava/lang/Object;IIILjava/util/Comparator;)V @ 34 c2
Event: 79.335 Thread 0x000001ff6651cd20 DEOPT PACKING pc=0x000001ff545da4d4 sp=0x00000027271fded0
Event: 79.335 Thread 0x000001ff6651cd20 DEOPT UNPACKING pc=0x000001ff53a83aa2 sp=0x00000027271fddd8 mode 2
Event: 79.362 Thread 0x000001ff6651cd20 DEOPT PACKING pc=0x000001ff4d495be5 sp=0x00000027271fd930
Event: 79.362 Thread 0x000001ff6651cd20 DEOPT UNPACKING pc=0x000001ff53a84242 sp=0x00000027271fcea8 mode 0
Event: 79.616 Thread 0x000001ff6651cd20 DEOPT PACKING pc=0x000001ff4d3f0223 sp=0x00000027271fe440
Event: 79.616 Thread 0x000001ff6651cd20 DEOPT UNPACKING pc=0x000001ff53a84242 sp=0x00000027271fd978 mode 0
Event: 79.634 Thread 0x000001ff6651cd20 Uncommon trap: trap_request=0xffffff45 fr.pc=0x000001ff546aa824 relative=0x0000000000000104
Event: 79.634 Thread 0x000001ff6651cd20 Uncommon trap: reason=unstable_if action=reinterpret pc=0x000001ff546aa824 method=org.eclipse.jdt.internal.compiler.parser.ScannerHelper.toLowerCase(C)C @ 4 c2
Event: 79.634 Thread 0x000001ff6651cd20 DEOPT PACKING pc=0x000001ff546aa824 sp=0x00000027271fe650
Event: 79.634 Thread 0x000001ff6651cd20 DEOPT UNPACKING pc=0x000001ff53a83aa2 sp=0x00000027271fe5e8 mode 2
Event: 79.635 Thread 0x000001ff6651cd20 Uncommon trap: trap_request=0xffffff45 fr.pc=0x000001ff546ad758 relative=0x00000000000002f8
Event: 79.635 Thread 0x000001ff6651cd20 Uncommon trap: reason=unstable_if action=reinterpret pc=0x000001ff546ad758 method=org.eclipse.jdt.internal.compiler.parser.ScannerHelper.toLowerCase(C)C @ 4 c2
Event: 79.635 Thread 0x000001ff6651cd20 DEOPT PACKING pc=0x000001ff546ad758 sp=0x00000027271fd940
Event: 79.635 Thread 0x000001ff6651cd20 DEOPT UNPACKING pc=0x000001ff53a83aa2 sp=0x00000027271fd760 mode 2
Event: 79.693 Thread 0x000001ff6651cd20 Uncommon trap: trap_request=0xffffff45 fr.pc=0x000001ff546abcfc relative=0x00000000000002bc
Event: 79.693 Thread 0x000001ff6651cd20 Uncommon trap: reason=unstable_if action=reinterpret pc=0x000001ff546abcfc method=org.eclipse.jdt.internal.compiler.parser.ScannerHelper.toLowerCase(C)C @ 4 c2
Event: 79.693 Thread 0x000001ff6651cd20 DEOPT PACKING pc=0x000001ff546abcfc sp=0x00000027271fd850
Event: 79.693 Thread 0x000001ff6651cd20 DEOPT UNPACKING pc=0x000001ff53a83aa2 sp=0x00000027271fd768 mode 2

Classes loaded (20 events):
Event: 51.772 Loading class java/util/stream/SliceOps
Event: 51.772 Loading class java/util/stream/SliceOps done
Event: 51.772 Loading class java/util/stream/SliceOps$1
Event: 51.773 Loading class java/util/stream/SliceOps$1 done
Event: 51.782 Loading class java/util/stream/SliceOps$1$1
Event: 51.782 Loading class java/util/stream/SliceOps$1$1 done
Event: 51.803 Loading class java/util/concurrent/CompletableFuture$UniWhenComplete
Event: 51.803 Loading class java/util/concurrent/CompletableFuture$UniWhenComplete done
Event: 51.805 Loading class java/util/concurrent/CompletableFuture$UniCompose
Event: 51.805 Loading class java/util/concurrent/CompletableFuture$UniCompose done
Event: 51.805 Loading class java/util/concurrent/CompletableFuture$UniRelay
Event: 51.805 Loading class java/util/concurrent/CompletableFuture$UniRelay done
Event: 52.565 Loading class java/util/concurrent/ScheduledThreadPoolExecutor$DelayedWorkQueue$Itr
Event: 52.566 Loading class java/util/concurrent/ScheduledThreadPoolExecutor$DelayedWorkQueue$Itr done
Event: 61.807 Loading class java/lang/Throwable$WrappedPrintWriter
Event: 61.807 Loading class java/lang/Throwable$PrintStreamOrWriter
Event: 61.807 Loading class java/lang/Throwable$PrintStreamOrWriter done
Event: 61.808 Loading class java/lang/Throwable$WrappedPrintWriter done
Event: 61.813 Loading class jdk/internal/reflect/MethodHandleByteFieldAccessorImpl
Event: 61.814 Loading class jdk/internal/reflect/MethodHandleByteFieldAccessorImpl done

Classes unloaded (11 events):
Event: 5.857 Thread 0x000001ff4412d8a0 Unloading class 0x000001ff011b5400 'java/lang/invoke/LambdaForm$MH+0x000001ff011b5400'
Event: 5.857 Thread 0x000001ff4412d8a0 Unloading class 0x000001ff011b5000 'java/lang/invoke/LambdaForm$MH+0x000001ff011b5000'
Event: 5.857 Thread 0x000001ff4412d8a0 Unloading class 0x000001ff011b4c00 'java/lang/invoke/LambdaForm$MH+0x000001ff011b4c00'
Event: 5.857 Thread 0x000001ff4412d8a0 Unloading class 0x000001ff011b4800 'java/lang/invoke/LambdaForm$MH+0x000001ff011b4800'
Event: 5.857 Thread 0x000001ff4412d8a0 Unloading class 0x000001ff011b4400 'java/lang/invoke/LambdaForm$BMH+0x000001ff011b4400'
Event: 5.857 Thread 0x000001ff4412d8a0 Unloading class 0x000001ff011b4000 'java/lang/invoke/LambdaForm$DMH+0x000001ff011b4000'
Event: 5.857 Thread 0x000001ff4412d8a0 Unloading class 0x000001ff011b2c00 'java/lang/invoke/LambdaForm$DMH+0x000001ff011b2c00'
Event: 10.204 Thread 0x000001ff4412d8a0 Unloading class 0x000001ff012d8800 'java/lang/invoke/LambdaForm$MH+0x000001ff012d8800'
Event: 10.204 Thread 0x000001ff4412d8a0 Unloading class 0x000001ff012d7c00 'java/lang/invoke/LambdaForm$MH+0x000001ff012d7c00'
Event: 10.204 Thread 0x000001ff4412d8a0 Unloading class 0x000001ff012d7800 'java/lang/invoke/LambdaForm$DMH+0x000001ff012d7800'
Event: 10.204 Thread 0x000001ff4412d8a0 Unloading class 0x000001ff012d6800 'java/lang/invoke/LambdaForm$MH+0x000001ff012d6800'

Classes redefined (0 events):
No events

Internal exceptions (20 events):
Event: 37.810 Thread 0x000001ff6651c690 Exception <a 'sun/nio/fs/WindowsException'{0x00000000eaed5d98}> (0x00000000eaed5d98) 
thrown [s\open\src\hotspot\share\prims\jni.cpp, line 520]
Event: 37.811 Thread 0x000001ff6651c690 Exception <a 'sun/nio/fs/WindowsException'{0x00000000eaed73b8}> (0x00000000eaed73b8) 
thrown [s\open\src\hotspot\share\prims\jni.cpp, line 520]
Event: 37.811 Thread 0x000001ff6651c690 Exception <a 'sun/nio/fs/WindowsException'{0x00000000eaedbf20}> (0x00000000eaedbf20) 
thrown [s\open\src\hotspot\share\prims\jni.cpp, line 520]
Event: 39.998 Thread 0x000001ff6651cd20 Exception <a 'java/lang/ClassNotFoundException'{0x00000000eaef4258}: sun/net/www/protocol/jdt/Handler> (0x00000000eaef4258) 
thrown [s\open\src\hotspot\share\classfile\systemDictionary.cpp, line 312]
Event: 40.000 Thread 0x000001ff6651cd20 Exception <a 'java/lang/ClassNotFoundException'{0x00000000eaef6f18}: sun/net/www/protocol/jdt/Handler> (0x00000000eaef6f18) 
thrown [s\open\src\hotspot\share\classfile\systemDictionary.cpp, line 312]
Event: 40.008 Thread 0x000001ff6651cd20 Exception <a 'java/lang/ClassNotFoundException'{0x00000000eaefbea0}: sun/net/www/protocol/jdt/Handler> (0x00000000eaefbea0) 
thrown [s\open\src\hotspot\share\classfile\systemDictionary.cpp, line 312]
Event: 40.018 Thread 0x000001ff6651cd20 Exception <a 'java/lang/ClassNotFoundException'{0x00000000eaf005d0}: sun/net/www/protocol/jdt/Handler> (0x00000000eaf005d0) 
thrown [s\open\src\hotspot\share\classfile\systemDictionary.cpp, line 312]
Event: 40.020 Thread 0x000001ff6651cd20 Exception <a 'java/lang/ClassNotFoundException'{0x00000000eaf02da0}: sun/net/www/protocol/jdt/Handler> (0x00000000eaf02da0) 
thrown [s\open\src\hotspot\share\classfile\systemDictionary.cpp, line 312]
Event: 40.022 Thread 0x000001ff6651cd20 Exception <a 'java/lang/ClassNotFoundException'{0x00000000eaf05590}: sun/net/www/protocol/jdt/Handler> (0x00000000eaf05590) 
thrown [s\open\src\hotspot\share\classfile\systemDictionary.cpp, line 312]
Event: 40.023 Thread 0x000001ff6651cd20 Exception <a 'java/lang/ClassNotFoundException'{0x00000000eaf07da8}: sun/net/www/protocol/jdt/Handler> (0x00000000eaf07da8) 
thrown [s\open\src\hotspot\share\classfile\systemDictionary.cpp, line 312]
Event: 48.473 Thread 0x000001ff665201a0 Exception <a 'java/lang/IncompatibleClassChangeError'{0x00000000eb2745f8}: Found class java.lang.Object, but interface was expected> (0x00000000eb2745f8) 
thrown [s\open\src\hotspot\share\interpreter\linkResolver.cpp, line 840]
Event: 50.993 Thread 0x000001ff6651cd20 Exception <a 'sun/nio/fs/WindowsException'{0x00000000ec97f488}> (0x00000000ec97f488) 
thrown [s\open\src\hotspot\share\prims\jni.cpp, line 520]
Event: 50.994 Thread 0x000001ff6651cd20 Exception <a 'sun/nio/fs/WindowsException'{0x00000000ec97fab8}> (0x00000000ec97fab8) 
thrown [s\open\src\hotspot\share\prims\jni.cpp, line 520]
Event: 50.994 Thread 0x000001ff6651cd20 Exception <a 'sun/nio/fs/WindowsException'{0x00000000ec980720}> (0x00000000ec980720) 
thrown [s\open\src\hotspot\share\prims\jni.cpp, line 520]
Event: 50.994 Thread 0x000001ff6651cd20 Exception <a 'sun/nio/fs/WindowsException'{0x00000000ec981000}> (0x00000000ec981000) 
thrown [s\open\src\hotspot\share\prims\jni.cpp, line 520]
Event: 50.996 Thread 0x000001ff6651cd20 Exception <a 'sun/nio/fs/WindowsException'{0x00000000ec9825c0}> (0x00000000ec9825c0) 
thrown [s\open\src\hotspot\share\prims\jni.cpp, line 520]
Event: 50.996 Thread 0x000001ff6651cd20 Exception <a 'sun/nio/fs/WindowsException'{0x00000000ec982bf0}> (0x00000000ec982bf0) 
thrown [s\open\src\hotspot\share\prims\jni.cpp, line 520]
Event: 51.436 Thread 0x000001ff6651e0d0 Exception <a 'java/io/FileNotFoundException'{0x00000000ecf82780}> (0x00000000ecf82780) 
thrown [s\open\src\hotspot\share\prims\jni.cpp, line 520]
Event: 51.653 Thread 0x000001ff6651e0d0 Exception <a 'java/lang/NoSuchMethodError'{0x00000000eb715938}: 'java.lang.Object java.lang.invoke.DirectMethodHandle$Holder.invokeVirtual(java.lang.Object, java.lang.Object, java.lang.Object, java.lang.Object)'> (0x00000000eb715938) 
thrown [s\open\src\hotspot\share\interpreter\linkResolver.cpp, line 773]
Event: 51.752 Thread 0x000001ff713d8100 Exception <a 'java/lang/NoSuchMethodError'{0x00000000ebb21588}: 'java.lang.Object java.lang.invoke.DirectMethodHandle$Holder.invokeStatic(java.lang.Object, long, java.lang.Object, java.lang.Object)'> (0x00000000ebb21588) 
thrown [s\open\src\hotspot\share\interpreter\linkResolver.cpp, line 773]

ZGC Phase Switch (0 events):
No events

VM Operations (20 events):
Event: 52.797 Executing VM operation: Cleanup
Event: 52.797 Executing VM operation: Cleanup done
Event: 57.798 Executing VM operation: Cleanup
Event: 57.798 Executing VM operation: Cleanup done
Event: 60.129 Executing VM operation: HandshakeAllThreads (HandshakeForDeflation)
Event: 60.129 Executing VM operation: HandshakeAllThreads (HandshakeForDeflation) done
Event: 60.129 Executing VM operation: RendezvousGCThreads
Event: 60.129 Executing VM operation: RendezvousGCThreads done
Event: 62.129 Executing VM operation: Cleanup
Event: 62.129 Executing VM operation: Cleanup done
Event: 63.134 Executing VM operation: Cleanup
Event: 63.134 Executing VM operation: Cleanup done
Event: 76.247 Executing VM operation: Cleanup
Event: 76.247 Executing VM operation: Cleanup done
Event: 77.255 Executing VM operation: Cleanup
Event: 77.255 Executing VM operation: Cleanup done
Event: 79.272 Executing VM operation: Cleanup
Event: 79.272 Executing VM operation: Cleanup done
Event: 79.664 Executing VM operation: ParallelGCFailedAllocation (Allocation Failure)
Event: 79.679 Executing VM operation: ParallelGCFailedAllocation (Allocation Failure) done

Events (20 events):
Event: 34.734 Thread 0x000001ff6396fe00 Thread exited: 0x000001ff6396fe00
Event: 34.894 Thread 0x000001ff6396f060 Thread added: 0x000001ff6396f060
Event: 43.763 Thread 0x000001ff6396f060 Thread exited: 0x000001ff6396f060
Event: 43.791 Thread 0x000001ff63970ba0 Thread added: 0x000001ff63970ba0
Event: 48.467 Thread 0x000001ff63970ba0 Thread exited: 0x000001ff63970ba0
Event: 48.570 Thread 0x000001ff63970ba0 Thread added: 0x000001ff63970ba0
Event: 48.799 Thread 0x000001ff6651c000 Thread added: 0x000001ff6651c000
Event: 51.383 Thread 0x000001ff6651d3b0 Thread added: 0x000001ff6651d3b0
Event: 51.394 Thread 0x000001ff6651e0d0 Thread added: 0x000001ff6651e0d0
Event: 51.551 Thread 0x000001ff6651edf0 Thread added: 0x000001ff6651edf0
Event: 51.556 Thread 0x000001ff713dbc10 Thread added: 0x000001ff713dbc10
Event: 51.744 Thread 0x000001ff713d8100 Thread added: 0x000001ff713d8100
Event: 51.798 Thread 0x000001ff713df720 Thread added: 0x000001ff713df720
Event: 52.492 Thread 0x000001ff63970ba0 Thread exited: 0x000001ff63970ba0
Event: 57.075 Thread 0x000001ff63970ba0 Thread added: 0x000001ff63970ba0
Event: 62.314 Thread 0x000001ff713d8100 Thread exited: 0x000001ff713d8100
Event: 62.315 Thread 0x000001ff63970ba0 Thread exited: 0x000001ff63970ba0
Event: 77.178 Thread 0x000001ff6651fb10 Thread exited: 0x000001ff6651fb10
Event: 79.315 Thread 0x000001ff6396f060 Thread added: 0x000001ff6396f060
Event: 79.685 Thread 0x000001ff713df720 Thread exited: 0x000001ff713df720


Dynamic libraries:
0x00007ff76f870000 - 0x00007ff76f880000 	C:\Program Files\Java\jdk-21\bin\java.exe
0x00007ffb573f0000 - 0x00007ffb575e8000 	C:\WINDOWS\SYSTEM32\ntdll.dll
0x00007ffb55d40000 - 0x00007ffb55e02000 	C:\WINDOWS\System32\KERNEL32.DLL
0x00007ffb54d90000 - 0x00007ffb55086000 	C:\WINDOWS\System32\KERNELBASE.dll
0x00007ffb54a90000 - 0x00007ffb54b90000 	C:\WINDOWS\System32\ucrtbase.dll
0x00007ffb45360000 - 0x00007ffb4537b000 	C:\Program Files\Java\jdk-21\bin\VCRUNTIME140.dll
0x00007ffb45320000 - 0x00007ffb45339000 	C:\Program Files\Java\jdk-21\bin\jli.dll
0x00007ffb563b0000 - 0x00007ffb5645f000 	C:\WINDOWS\System32\ADVAPI32.dll
0x00007ffb56470000 - 0x00007ffb5650e000 	C:\WINDOWS\System32\msvcrt.dll
0x00007ffb567a0000 - 0x00007ffb5683f000 	C:\WINDOWS\System32\sechost.dll
0x00007ffb55b50000 - 0x00007ffb55c73000 	C:\WINDOWS\System32\RPCRT4.dll
0x00007ffb551b0000 - 0x00007ffb551d7000 	C:\WINDOWS\System32\bcrypt.dll
0x00007ffb56a20000 - 0x00007ffb56bbd000 	C:\WINDOWS\System32\USER32.dll
0x00007ffb553f0000 - 0x00007ffb55412000 	C:\WINDOWS\System32\win32u.dll
0x00007ffb45ac0000 - 0x00007ffb45d5a000 	C:\WINDOWS\WinSxS\amd64_microsoft.windows.common-controls_6595b64144ccf1df_6.0.19041.5794_none_60bcd33171f2783c\COMCTL32.dll
0x00007ffb56840000 - 0x00007ffb5686b000 	C:\WINDOWS\System32\GDI32.dll
0x00007ffb54c70000 - 0x00007ffb54d8a000 	C:\WINDOWS\System32\gdi32full.dll
0x00007ffb55090000 - 0x00007ffb5512d000 	C:\WINDOWS\System32\msvcp_win.dll
0x00007ffb49e80000 - 0x00007ffb49e8a000 	C:\WINDOWS\SYSTEM32\VERSION.dll
0x00007ffb56510000 - 0x00007ffb5653f000 	C:\WINDOWS\System32\IMM32.DLL
0x00007ffb4e7d0000 - 0x00007ffb4e7dc000 	C:\Program Files\Java\jdk-21\bin\vcruntime140_1.dll
0x00007ffb2c800000 - 0x00007ffb2c88e000 	C:\Program Files\Java\jdk-21\bin\msvcp140.dll
0x00007ffafd4f0000 - 0x00007ffafe20a000 	C:\Program Files\Java\jdk-21\bin\server\jvm.dll
0x00007ffb55ac0000 - 0x00007ffb55b2b000 	C:\WINDOWS\System32\WS2_32.dll
0x00007ffb548f0000 - 0x00007ffb5493b000 	C:\WINDOWS\SYSTEM32\POWRPROF.dll
0x00007ffb464f0000 - 0x00007ffb46517000 	C:\WINDOWS\SYSTEM32\WINMM.dll
0x00007ffb548d0000 - 0x00007ffb548e2000 	C:\WINDOWS\SYSTEM32\UMPDC.dll
0x00007ffb527f0000 - 0x00007ffb52802000 	C:\WINDOWS\SYSTEM32\kernel.appcore.dll
0x00007ffb4e720000 - 0x00007ffb4e72a000 	C:\Program Files\Java\jdk-21\bin\jimage.dll
0x00007ffb4c380000 - 0x00007ffb4c581000 	C:\WINDOWS\SYSTEM32\DBGHELP.DLL
0x00007ffb4bef0000 - 0x00007ffb4bf24000 	C:\WINDOWS\SYSTEM32\dbgcore.DLL
0x00007ffb54b90000 - 0x00007ffb54c12000 	C:\WINDOWS\System32\bcryptPrimitives.dll
0x00007ffb4e6c0000 - 0x00007ffb4e6cf000 	C:\Program Files\Java\jdk-21\bin\instrument.dll
0x00007ffb45300000 - 0x00007ffb4531f000 	C:\Program Files\Java\jdk-21\bin\java.dll
0x00007ffb56c40000 - 0x00007ffb573ae000 	C:\WINDOWS\System32\SHELL32.dll
0x00007ffb52ad0000 - 0x00007ffb53273000 	C:\WINDOWS\SYSTEM32\windows.storage.dll
0x00007ffb556b0000 - 0x00007ffb55a03000 	C:\WINDOWS\System32\combase.dll
0x00007ffb54310000 - 0x00007ffb5433b000 	C:\WINDOWS\SYSTEM32\Wldp.dll
0x00007ffb562e0000 - 0x00007ffb563ad000 	C:\WINDOWS\System32\OLEAUT32.dll
0x00007ffb55a10000 - 0x00007ffb55abd000 	C:\WINDOWS\System32\SHCORE.dll
0x00007ffb55650000 - 0x00007ffb556a5000 	C:\WINDOWS\System32\shlwapi.dll
0x00007ffb549c0000 - 0x00007ffb549e5000 	C:\WINDOWS\SYSTEM32\profapi.dll
0x00007ffb2b9f0000 - 0x00007ffb2bac7000 	C:\Program Files\Java\jdk-21\bin\jsvml.dll
0x00007ffb452e0000 - 0x00007ffb452f8000 	C:\Program Files\Java\jdk-21\bin\zip.dll
0x00007ffb4d9f0000 - 0x00007ffb4da00000 	C:\Program Files\Java\jdk-21\bin\net.dll
0x00007ffb4c590000 - 0x00007ffb4c69a000 	C:\WINDOWS\SYSTEM32\WINHTTP.dll
0x00007ffb540f0000 - 0x00007ffb5415c000 	C:\WINDOWS\system32\mswsock.dll
0x00007ffb3ca30000 - 0x00007ffb3ca46000 	C:\Program Files\Java\jdk-21\bin\nio.dll
0x00007ffb4b180000 - 0x00007ffb4b190000 	C:\Program Files\Java\jdk-21\bin\verify.dll
0x00007ffb3c9e0000 - 0x00007ffb3ca25000 	C:\Users\smenr\AppData\Roaming\Code\User\globalStorage\redhat.java\1.42.0\config_win\org.eclipse.equinox.launcher\org.eclipse.equinox.launcher.win32.win32.x86_64_1.2.1300.v20250331-1702\eclipse_11911.dll
0x00007ffb55500000 - 0x00007ffb5562b000 	C:\WINDOWS\System32\ole32.dll
0x00007ffb54550000 - 0x00007ffb54568000 	C:\WINDOWS\SYSTEM32\CRYPTSP.dll
0x00007ffb53a30000 - 0x00007ffb53a68000 	C:\WINDOWS\system32\rsaenh.dll
0x00007ffb54980000 - 0x00007ffb549ae000 	C:\WINDOWS\SYSTEM32\USERENV.dll
0x00007ffb54280000 - 0x00007ffb5428c000 	C:\WINDOWS\SYSTEM32\CRYPTBASE.dll
0x00007ffb53df0000 - 0x00007ffb53e2b000 	C:\WINDOWS\SYSTEM32\IPHLPAPI.DLL
0x00007ffb55640000 - 0x00007ffb55648000 	C:\WINDOWS\System32\NSI.dll
0x00007ffb2cce0000 - 0x00007ffb2cd29000 	C:\Users\smenr\AppData\Local\Temp\jna-109552719\jna13208534530606616851.dll
0x00007ffb56460000 - 0x00007ffb56468000 	C:\WINDOWS\System32\PSAPI.DLL
0x00007ffb4dde0000 - 0x00007ffb4ddf7000 	C:\WINDOWS\SYSTEM32\dhcpcsvc6.DLL
0x00007ffb4ddc0000 - 0x00007ffb4dddd000 	C:\WINDOWS\SYSTEM32\dhcpcsvc.DLL
0x00007ffb4b0d0000 - 0x00007ffb4b0d9000 	C:\Program Files\Java\jdk-21\bin\extnet.dll

dbghelp: loaded successfully - version: 4.0.5 - missing functions: none
symbol engine: initialized successfully - sym options: 0x614 - pdb path: .;C:\Program Files\Java\jdk-21\bin;C:\WINDOWS\SYSTEM32;C:\WINDOWS\WinSxS\amd64_microsoft.windows.common-controls_6595b64144ccf1df_6.0.19041.5794_none_60bcd33171f2783c;C:\Program Files\Java\jdk-21\bin\server;C:\Users\smenr\AppData\Roaming\Code\User\globalStorage\redhat.java\1.42.0\config_win\org.eclipse.equinox.launcher\org.eclipse.equinox.launcher.win32.win32.x86_64_1.2.1300.v20250331-1702;C:\Users\smenr\AppData\Local\Temp\jna-109552719

VM Arguments:
jvm_args: --add-modules=ALL-SYSTEM --add-opens=java.base/java.util=ALL-UNNAMED --add-opens=java.base/java.lang=ALL-UNNAMED --add-opens=java.base/sun.nio.fs=ALL-UNNAMED -Declipse.application=org.eclipse.jdt.ls.core.id1 -Dosgi.bundles.defaultStartLevel=4 -Declipse.product=org.eclipse.jdt.ls.core.product -Djava.import.generatesMetadataFilesAtProjectRoot=false -DDetectVMInstallationsJob.disabled=true -Dfile.encoding=utf8 -XX:+UseParallelGC -XX:GCTimeRatio=4 -XX:AdaptiveSizePolicyWeight=90 -Dsun.zip.disableMemoryMapping=true -Xmx1G -Xms100m -Xlog:disable -javaagent:c:\Users\smenr\.vscode\extensions\redhat.java-1.42.0-win32-x64\lombok\lombok-1.18.36.jar -XX:+HeapDumpOnOutOfMemoryError -XX:HeapDumpPath=c:\Users\smenr\AppData\Roaming\Code\User\workspaceStorage\01428f0d16316b218eead7df8d6fb068\redhat.java -Daether.dependencyCollector.impl=bf 
java_command: c:\Users\smenr\.vscode\extensions\redhat.java-1.42.0-win32-x64\server\plugins\org.eclipse.equinox.launcher_1.7.0.v20250424-1814.jar -configuration c:\Users\smenr\AppData\Roaming\Code\User\globalStorage\redhat.java\1.42.0\config_win -data c:\Users\smenr\AppData\Roaming\Code\User\workspaceStorage\01428f0d16316b218eead7df8d6fb068\redhat.java\jdt_ws --pipe=\\.\pipe\lsp-e953ccb9d7d8037199af2d7e8e9e1d5f-sock
java_class_path (initial): c:\Users\smenr\.vscode\extensions\redhat.java-1.42.0-win32-x64\server\plugins\org.eclipse.equinox.launcher_1.7.0.v20250424-1814.jar
Launcher Type: SUN_STANDARD

[Global flags]
    uintx AdaptiveSizePolicyWeight                 = 90                                        {product} {command line}
     intx CICompilerCount                          = 3                                         {product} {ergonomic}
    uintx GCTimeRatio                              = 4                                         {product} {command line}
     bool HeapDumpOnOutOfMemoryError               = true                                   {manageable} {command line}
    ccstr HeapDumpPath                             = c:\Users\smenr\AppData\Roaming\Code\User\workspaceStorage\01428f0d16316b218eead7df8d6fb068\redhat.java         {manageable} {command line}
   size_t InitialHeapSize                          = 104857600                                 {product} {command line}
   size_t MaxHeapSize                              = 1073741824                                {product} {command line}
   size_t MaxNewSize                               = 357564416                                 {product} {ergonomic}
   size_t MinHeapDeltaBytes                        = 524288                                    {product} {ergonomic}
   size_t MinHeapSize                              = 104857600                                 {product} {command line}
   size_t NewSize                                  = 34603008                                  {product} {ergonomic}
    uintx NonNMethodCodeHeapSize                   = 5832780                                {pd product} {ergonomic}
    uintx NonProfiledCodeHeapSize                  = 122912730                              {pd product} {ergonomic}
   size_t OldSize                                  = 70254592                                  {product} {ergonomic}
    uintx ProfiledCodeHeapSize                     = 122912730                              {pd product} {ergonomic}
    uintx ReservedCodeCacheSize                    = 251658240                              {pd product} {ergonomic}
     bool SegmentedCodeCache                       = true                                      {product} {ergonomic}
   size_t SoftMaxHeapSize                          = 1073741824                             {manageable} {ergonomic}
     bool UseCompressedOops                        = true                           {product lp64_product} {ergonomic}
     bool UseLargePagesIndividualAllocation        = false                                  {pd product} {ergonomic}
     bool UseParallelGC                            = true                                      {product} {command line}

Logging:
Log output configuration:
 #0: stdout all=off uptime,level,tags foldmultilines=false
 #1: stderr all=off uptime,level,tags foldmultilines=false

Environment Variables:
PATH=C:\Users\smenr\bin;C:\Program Files\Git\mingw64\bin;C:\Program Files\Git\usr\local\bin;C:\Program Files\Git\usr\bin;C:\Program Files\Git\usr\bin;C:\Program Files\Git\mingw64\bin;C:\Program Files\Git\usr\bin;C:\Users\smenr\bin;C:\Program Files\Common Files\Oracle\Java\javapath;C:\Program Files (x86)\Common Files\Oracle\Java\java8path;C:\Program Files (x86)\Common Files\Oracle\Java\javapath;C:\oraclexe\app\oracle\product\11.2.0\server\bin;C:\WINDOWS\system32;C:\WINDOWS;C:\WINDOWS\System32\Wbem;C:\WINDOWS\System32\WindowsPowerShell\v1.0;C:\WINDOWS\System32\OpenSSH;C:\apache-maven-3.9.4\bin;C:\Program Files (x86)\Windows Kits\10\Windows Performance Toolkit;C:\Program Files\dotnet;C:\Program Files\Git\cmd;C:\Program Files\Docker\Docker\resources\bin;C:\Program Files\MySQL\MySQL Shell 8.0\bin;C:\Users\smenr\AppData\Local\Microsoft\WindowsApps;C:\Program Files\JetBrains\IntelliJ IDEA 2024.2.6\bin;C:\Users\smenr\AppData\Local\Programs\Microsoft VS Code\bin;C:\Program Files\JetBrains\IntelliJ IDEA Community Edition 2024.2.6\bin;C:\Program Files\Git\usr\bin\vendor_perl;C:\Program Files\Git\usr\bin\core_perl
USERNAME=smenr
SHELL=C:\Program Files\Git\usr\bin\bash.exe
DISPLAY=needs-to-be-defined
LC_CTYPE=es_MX.UTF-8
TERM=xterm
TMPDIR=C:\Users\smenr\AppData\Local\Temp
OS=Windows_NT
PROCESSOR_IDENTIFIER=Intel64 Family 6 Model 42 Stepping 7, GenuineIntel
TMP=C:\Users\smenr\AppData\Local\Temp
TEMP=C:\Users\smenr\AppData\Local\Temp




Periodic native trim disabled

---------------  S Y S T E M  ---------------

OS:
 Windows 10 , 64 bit Build 19041 (10.0.19041.5794)
OS uptime: 14 days 10:04 hours
Hyper-V role detected

CPU: total 4 (initial active 4) (2 cores per cpu, 2 threads per core) family 6 model 42 stepping 7 microcode 0x2f, cx8, cmov, fxsr, ht, mmx, sse, sse2, sse3, ssse3, sse4.1, sse4.2, popcnt, tsc, tscinvbit, avx, aes, clmul, vzeroupper, clflush, hv, rdtscp
Processor Information for all 4 processors :
  Max Mhz: 2701, Current Mhz: 2701, Mhz Limit: 2701

Memory: 4k page, system-wide physical 16334M (2591M free)
TotalPageFile size 31909M (AvailPageFile size 5M)
current process WorkingSet (physical memory assigned to process): 728M, peak: 735M
current process commit charge ("private bytes"): 640M, peak: 685M

vm_info: Java HotSpot(TM) 64-Bit Server VM (21.0.6+8-LTS-188) for windows-amd64 JRE (21.0.6+8-LTS-188), built on 2024-12-03T10:50:54Z by "mach5one" with MS VC++ 17.6 (VS2022)

END.
